<?xml version="1.0" encoding="UTF-8"?>
<!-- Generated by org.testng.reporters.JUnitReportReporter -->
<testsuite hostname="DESKTOP-LIPMCTA" name="automationpartice" tests="1" failures="0" timestamp="13 Sep 2020 11:48:37 GMT" time="94.948" errors="0">
  <testcase name="Sign_up" time="94.948" classname="automationpartice"/>
</testsuite> <!-- automationpartice -->
