<?xml version="1.0" encoding="UTF-8"?>
<!-- Generated by org.testng.reporters.JUnitReportReporter -->
<testsuite skipped="0" hostname="DESKTOP-LIPMCTA" name="Texbox" tests="1" failures="0" timestamp="06 Nov 2020 11:41:31 GMT" time="21.028" errors="0">
  <testcase name="textbo" time="21.028" classname="Texbox"/>
</testsuite> <!-- Texbox -->
