<?xml version="1.0" encoding="UTF-8"?>
<!-- Generated by org.testng.reporters.JUnitReportReporter -->
<testsuite skipped="0" hostname="DESKTOP-LIPMCTA" name="DatepckerDemo" tests="1" failures="0" timestamp="08 Nov 2020 08:01:49 GMT" time="41.705" errors="0">
  <testcase name="datepicker" time="41.705" classname="DatepckerDemo"/>
</testsuite> <!-- DatepckerDemo -->
